<?xml version="1.0" encoding="UTF-8"?>
<testsuite name="br.com.rp.repository.LogRepositoryTest" time="1.658" tests="6" errors="0" skipped="0" failures="0">
  <properties>
[...]
</properties>
  <testcase name="deveInserirLogComSucesso" classname="br.com.rp.repository.LogRepositoryTest" time="0.63"/>
  <testcase name="deveNaoInserirLogPorFaltaDeUsuario" classname="br.com.rp.repository.LogRepositoryTest" time="0.508"/>
  <testcase name="deveFalharPoisNaoUsuarioNaoTem3Digitos" classname="br.com.rp.repository.LogRepositoryTest" time="0.232"/>
  <testcase name="deveRecuperar2LogsExistentes" classname="br.com.rp.repository.LogRepositoryTest" time="0.138"/>
  <testcase name="deveRemoverLogComSucesso" classname="br.com.rp.repository.LogRepositoryTest" time="0.105"/>
  <testcase name="deveExistirDataAlteracao" classname="br.com.rp.repository.LogRepositoryTest" time="0.045"/>
</testsuite>