<?xml version="1.0" encoding="UTF-8"?>
<testsuite name="br.com.rp.rest.LogRestTest" time="0.075" tests="1" errors="1" skipped="0" failures="0">
  <properties>
[...]
</properties>
  <testcase name="deveRetornar2LogsPeloRest" classname="br.com.rp.rest.LogRestTest" time="0.075">
    <error message="java.lang.ClassNotFoundException: org.glassfish.jersey.client.JerseyClientBuilder" type="java.lang.RuntimeException">java.lang.RuntimeException: java.lang.ClassNotFoundException: org.glassfish.jersey.client.JerseyClientBuilder
	at java.net.URLClassLoader.findClass(URLClassLoader.java:381)
	at java.lang.ClassLoader.loadClass(ClassLoader.java:424)
	at sun.misc.Launcher$AppClassLoader.loadClass(Launcher.java:331)
	at java.lang.ClassLoader.loadClass(ClassLoader.java:357)
	at java.lang.Class.forName0(Native Method)
	at java.lang.Class.forName(Class.java:264)
	at javax.ws.rs.client.FactoryFinder.newInstance(FactoryFinder.java:113)
	at javax.ws.rs.client.FactoryFinder.find(FactoryFinder.java:206)
	at javax.ws.rs.client.ClientBuilder.newBuilder(ClientBuilder.java:86)
	at javax.ws.rs.client.ClientBuilder.newClient(ClientBuilder.java:114)
	at br.com.rp.rest.LogRestTest.deveRetornar2LogsPeloRest(LogRestTest.java:26)
</error>
    <system-out><![CDATA[14:55:10,566 INFO  [org.jboss.as.connector.deployers.jdbc] (MSC service thread 1-6) JBAS010418: Stopped Driver service with driver-name = vbank.war_org.h2.Driver_1_4
14:55:10,568 INFO  [org.wildfly.extension.undertow] (MSC service thread 1-6) JBAS017535: Unregistered web context: /vbank
14:55:10,590 INFO  [org.jboss.as.jpa] (ServerService Thread Pool -- 101) JBAS011410: Stopping Persistence Unit (phase 2 of 2) Service 'vbank.war#vbankpu'
14:55:10,590 INFO  [org.hibernate.tool.hbm2ddl.SchemaExport] (ServerService Thread Pool -- 101) HHH000227: Running hbm2ddl schema export
14:55:10,593 INFO  [org.hibernate.tool.hbm2ddl.SchemaExport] (ServerService Thread Pool -- 101) HHH000230: Schema export complete
14:55:10,595 INFO  [org.jboss.weld.deployer] (MSC service thread 1-8) JBAS016009: Stopping weld service for deployment vbank.war
14:55:10,607 INFO  [org.jboss.as.jpa] (ServerService Thread Pool -- 101) JBAS011410: Stopping Persistence Unit (phase 1 of 2) Service 'vbank.war#vbankpu'
14:55:10,608 INFO  [org.jboss.as.connector.subsystems.datasources] (MSC service thread 1-6) JBAS010409: Unbound data source [java:jboss/datasources/vbank]
14:55:11,368 INFO  [org.jboss.as.server.deployment] (MSC service thread 1-7) JBAS015877: Stopped deployment vbank.war (runtime-name: vbank.war) in 804ms
14:55:11,489 INFO  [org.jboss.as.repository] (management-handler-thread - 3) JBAS014901: Content removed from location C:\Users\Douglas\Desktop\tools\wildfly-8.1.0.Final\standalone\data\content\7d\f714fa502f9a691a03ef15ad5f74d0d2804543\content
14:55:11,489 INFO  [org.jboss.as.server] (management-handler-thread - 3) JBAS018558: Undeployed "vbank.war" (runtime-name: "vbank.war")
14:55:18,537 INFO  [org.jboss.as.repository] (management-handler-thread - 4) JBAS014900: Content added at location C:\Users\Douglas\Desktop\tools\wildfly-8.1.0.Final\standalone\data\content\61\6910a0ad8eeb42d4c446c1306e1d9049b3a142\content
14:55:18,543 INFO  [org.jboss.as.server.deployment] (MSC service thread 1-6) JBAS015876: Starting deployment of "vbank.war" (runtime-name: "vbank.war")
14:55:30,454 INFO  [org.jboss.as.jpa] (MSC service thread 1-2) JBAS011401: Read persistence.xml for vbankpu
14:55:30,572 INFO  [org.jboss.as.connector.subsystems.datasources] (MSC service thread 1-4) JBAS010400: Bound data source [java:jboss/datasources/vbank]
14:55:30,573 INFO  [org.jboss.as.jpa] (ServerService Thread Pool -- 101) JBAS011409: Starting Persistence Unit (phase 1 of 2) Service 'vbank.war#vbankpu'
14:55:30,573 INFO  [org.hibernate.jpa.internal.util.LogHelper] (ServerService Thread Pool -- 101) HHH000204: Processing PersistenceUnitInfo [
	name: vbankpu
	...]
14:55:30,661 INFO  [org.jboss.weld.deployer] (MSC service thread 1-8) JBAS016002: Processing weld deployment vbank.war
14:55:30,672 INFO  [org.jboss.as.ejb3.deployment.processors.EjbJndiBindingsDeploymentUnitProcessor] (MSC service thread 1-8) JNDI bindings for session bean named TestEntityRepositoryImpl in deployment unit deployment "vbank.war" are as follows:

	java:global/vbank/TestEntityRepositoryImpl!br.com.rp.repository.TestEntityRepository
	java:app/vbank/TestEntityRepositoryImpl!br.com.rp.repository.TestEntityRepository
	java:module/TestEntityRepositoryImpl!br.com.rp.repository.TestEntityRepository
	java:global/vbank/TestEntityRepositoryImpl
	java:app/vbank/TestEntityRepositoryImpl
	java:module/TestEntityRepositoryImpl

14:55:30,672 INFO  [org.jboss.as.ejb3.deployment.processors.EjbJndiBindingsDeploymentUnitProcessor] (MSC service thread 1-8) JNDI bindings for session bean named FuncionarioRepositoryImpl in deployment unit deployment "vbank.war" are as follows:

	java:global/vbank/FuncionarioRepositoryImpl!br.com.rp.repository.FuncionarioRepository
	java:app/vbank/FuncionarioRepositoryImpl!br.com.rp.repository.FuncionarioRepository
	java:module/FuncionarioRepositoryImpl!br.com.rp.repository.FuncionarioRepository
	java:global/vbank/FuncionarioRepositoryImpl
	java:app/vbank/FuncionarioRepositoryImpl
	java:module/FuncionarioRepositoryImpl

14:55:30,673 INFO  [org.jboss.as.ejb3.deployment.processors.EjbJndiBindingsDeploymentUnitProcessor] (MSC service thread 1-8) JNDI bindings for session bean named LogRepositoryImpl in deployment unit deployment "vbank.war" are as follows:

	java:global/vbank/LogRepositoryImpl!br.com.rp.repository.LogRepository
	java:app/vbank/LogRepositoryImpl!br.com.rp.repository.LogRepository
	java:module/LogRepositoryImpl!br.com.rp.repository.LogRepository
	java:global/vbank/LogRepositoryImpl
	java:app/vbank/LogRepositoryImpl
	java:module/LogRepositoryImpl

14:55:30,709 INFO  [org.jboss.as.connector.deployers.jdbc] (MSC service thread 1-6) JBAS010403: Deploying JDBC-compliant driver class org.h2.Driver (version 1.4)
14:55:30,710 INFO  [org.jboss.weld.deployer] (MSC service thread 1-6) JBAS016005: Starting Services for CDI deployment: vbank.war
14:55:30,715 INFO  [org.jboss.as.connector.deployers.jdbc] (MSC service thread 1-1) JBAS010417: Started Driver service with driver-name = vbank.war_org.h2.Driver_1_4
14:55:30,717 INFO  [org.jboss.weld.deployer] (MSC service thread 1-6) JBAS016008: Starting weld service for deployment vbank.war
14:55:30,723 INFO  [org.jboss.as.jpa] (ServerService Thread Pool -- 101) JBAS011409: Starting Persistence Unit (phase 2 of 2) Service 'vbank.war#vbankpu'
14:55:30,736 INFO  [org.hibernate.dialect.Dialect] (ServerService Thread Pool -- 101) HHH000400: Using dialect: org.hibernate.dialect.HSQLDialect
14:55:30,772 INFO  [org.hibernate.tuple.PojoInstantiator] (ServerService Thread Pool -- 101) HHH000182: No default (no-argument) constructor for class: br.com.rp.domain.Email (class must be instantiated by Interceptor)
14:55:30,774 INFO  [org.hibernate.hql.internal.ast.ASTQueryTranslatorFactory] (ServerService Thread Pool -- 101) HHH000397: Using ASTQueryTranslatorFactory
14:55:30,810 INFO  [org.hibernate.tuple.PojoInstantiator] (ServerService Thread Pool -- 101) HHH000182: No default (no-argument) constructor for class: br.com.rp.domain.Email (class must be instantiated by Interceptor)
14:55:30,810 INFO  [org.hibernate.tuple.PojoInstantiator] (ServerService Thread Pool -- 101) HHH000182: No default (no-argument) constructor for class: br.com.rp.domain.Email (class must be instantiated by Interceptor)
14:55:30,812 INFO  [org.hibernate.tuple.PojoInstantiator] (ServerService Thread Pool -- 101) HHH000182: No default (no-argument) constructor for class: br.com.rp.domain.Email (class must be instantiated by Interceptor)
14:55:30,813 INFO  [org.hibernate.tuple.PojoInstantiator] (ServerService Thread Pool -- 101) HHH000182: No default (no-argument) constructor for class: br.com.rp.domain.Email (class must be instantiated by Interceptor)
14:55:30,857 INFO  [org.hibernate.tool.hbm2ddl.SchemaExport] (ServerService Thread Pool -- 101) HHH000227: Running hbm2ddl schema export
14:55:30,859 ERROR [org.hibernate.tool.hbm2ddl.SchemaExport] (ServerService Thread Pool -- 101) HHH000389: Unsuccessful: drop sequence hibernate_sequence
14:55:30,860 ERROR [org.hibernate.tool.hbm2ddl.SchemaExport] (ServerService Thread Pool -- 101) Sequence "HIBERNATE_SEQUENCE" not found; SQL statement:
drop sequence hibernate_sequence [90036-173]
14:55:30,865 INFO  [org.hibernate.tool.hbm2ddl.SchemaExport] (ServerService Thread Pool -- 101) HHH000230: Schema export complete
14:55:30,870 INFO  [org.hibernate.tuple.PojoInstantiator] (ServerService Thread Pool -- 101) HHH000182: No default (no-argument) constructor for class: br.com.rp.domain.Email (class must be instantiated by Interceptor)
14:55:30,871 INFO  [org.hibernate.tuple.PojoInstantiator] (ServerService Thread Pool -- 101) HHH000182: No default (no-argument) constructor for class: br.com.rp.domain.Email (class must be instantiated by Interceptor)
14:55:30,871 INFO  [org.hibernate.tuple.PojoInstantiator] (ServerService Thread Pool -- 101) HHH000182: No default (no-argument) constructor for class: br.com.rp.domain.Email (class must be instantiated by Interceptor)
14:55:31,784 INFO  [org.jboss.resteasy.spi.ResteasyDeployment] (MSC service thread 1-5) Deploying javax.ws.rs.core.Application: class br.com.rp.rest.RootApplication
14:55:32,044 INFO  [org.wildfly.extension.undertow] (MSC service thread 1-5) JBAS017534: Registered web context: /vbank
14:55:32,150 INFO  [org.jboss.as.server] (management-handler-thread - 4) JBAS018559: Deployed "vbank.war" (runtime-name : "vbank.war")
/vbank//api/log
]]></system-out>
  </testcase>
</testsuite>